<?xml version="1.0" encoding="UTF-8"?>
<testng-results skipped="0" failed="0" ignored="0" total="1" passed="1">
  <reporter-output>
  </reporter-output>
  <suite name="Default suite" duration-ms="40447" started-at="2022-07-04T12:19:34 IST" finished-at="2022-07-04T12:20:14 IST">
    <groups>
    </groups>
    <test name="Default test" duration-ms="40447" started-at="2022-07-04T12:19:34 IST" finished-at="2022-07-04T12:20:14 IST">
      <class name="com.ResalesforceExample.test.CreareTrailAccountTest">
        <test-method status="PASS" signature="testDatatTest(java.lang.Object,java.lang.Object,java.lang.Object)[pri:0, instance:com.ResalesforceExample.test.CreareTrailAccountTest@86be70a]" name="testDatatTest" duration-ms="38483" started-at="2022-07-04T12:19:36 IST" data-provider="getData" finished-at="2022-07-04T12:20:14 IST">
          <params>
            <param index="0">
              <value>
                <![CDATA[Guru]]>
              </value>
            </param>
            <param index="1">
              <value>
                <![CDATA[ji]]>
              </value>
            </param>
            <param index="2">
              <value>
                <![CDATA[Guru@gmail.com]]>
              </value>
            </param>
          </params>
          <reporter-output>
          </reporter-output>
        </test-method> <!-- testDatatTest -->
      </class> <!-- com.ResalesforceExample.test.CreareTrailAccountTest -->
    </test> <!-- Default test -->
  </suite> <!-- Default suite -->
</testng-results>
